<?xml version="1.0" encoding="UTF-8"?>
<testsuite xmlns:xsi="http://www.w3.org/2001/XMLSchema-instance" xsi:noNamespaceSchemaLocation="https://maven.apache.org/surefire/maven-surefire-plugin/xsd/surefire-test-report-3.0.xsd" version="3.0" name="TestSuite" time="220.291" tests="3" errors="0" skipped="0" failures="0">
  <properties>
[...]
</properties>
  <testcase name="runScenario[&quot;Navigation to Be.cognizant portal with valid credintials&quot;, &quot;World Clock&quot;](1)" classname="worldClock.TestRunner.loginTestRunner" time="133.629">
    <system-out><![CDATA[
@smoke @regression
Scenario: Navigation to Be.cognizant portal with valid credintials # src/test/resources/Features/Feature.feature:4
  Given navigate the browser to Be.cognizant portal with the url   # worldClock.StepDefination.LoginStepDefination.navigate_the_browser_to_be_cognizant_portal_with_the_url()

    Embedding Navigation to Be.cognizant portal with valid credintials [image/png 47160 bytes]

  When user provides valid credintials with usermail/phone/skype   # worldClock.StepDefination.LoginStepDefination.user_provides_valid_credintials_with_usermail_phone_skype()

    Embedding Navigation to Be.cognizant portal with valid credintials [image/png 291130 bytes]

  When verify the title of the be cognizant portal                 # worldClock.StepDefination.LoginStepDefination.verify_the_title_of_the_be_cognizant_portal()

    Embedding Navigation to Be.cognizant portal with valid credintials [image/png 291130 bytes]

  And user clicks on account manager icon                          # worldClock.StepDefination.LoginStepDefination.user_clicks_on_account_manager_icon()

    Embedding Navigation to Be.cognizant portal with valid credintials [image/png 291130 bytes]

2303728@cognizant.com
Website launch is cognizant portal with correct user
  Then valid usermail should be displayed                          # worldClock.StepDefination.LoginStepDefination.valid_usermail_should_be_displayed()

    Embedding Navigation to Be.cognizant portal with valid credintials [image/png 325069 bytes]

]]></system-out>
    <system-err><![CDATA[SLF4J: Failed to load class "org.slf4j.impl.StaticLoggerBinder".
SLF4J: Defaulting to no-operation (NOP) logger implementation
SLF4J: See http://www.slf4j.org/codes.html#StaticLoggerBinder for further details.
Feb 13, 2024 4:03:04 PM org.openqa.selenium.devtools.CdpVersionFinder findNearestMatch
WARNING: Unable to find an exact match for CDP version 120, returning the closest version; found: 119; Please update to a Selenium version that supports CDP version 120
]]></system-err>
  </testcase>
  <testcase name="runScenario[&quot;Validation of world clock&quot;, &quot;World Clock&quot;](2)" classname="worldClock.TestRunner.loginTestRunner" time="7.319">
    <system-out><![CDATA[
@smoke
Scenario: Validation of world clock                             # src/test/resources/Features/Feature.feature:13
  Given user navigated Be.cognizant portal home page            # worldClock.StepDefination.WorldClockStepDefination.user_navigated_be_cognizant_portal_home_page()

    Embedding Validation of world clock [image/png 291128 bytes]

  When user scrolls till end of page                            # worldClock.StepDefination.WorldClockStepDefination.user_scrolls_till_end_of_page()

    Embedding Validation of world clock [image/png 58556 bytes]

The world clock webElement is displayed
  Then world clock should be displayed                          # worldClock.StepDefination.WorldClockStepDefination.world_clock_should_be_displayed()

    Embedding Validation of world clock [image/png 89003 bytes]

  When timezones of Bangalore, London and NewYork are displayed # worldClock.StepDefination.WorldClockStepDefination.timezones_of_bangalore_london_and_new_york_are_displayed()

    Embedding Validation of world clock [image/png 104808 bytes]

  Then tiemzones are verified                                   # worldClock.StepDefination.WorldClockStepDefination.tiemzones_are_verified()

    Embedding Validation of world clock [image/png 104785 bytes]

  When Day/date of Bangalore, London and NewYork are displayed  # worldClock.StepDefination.WorldClockStepDefination.day_date_of_bangalore_london_and_new_york_are_displayed()

    Embedding Validation of world clock [image/png 104785 bytes]

  Then Day/dates are verified                                   # worldClock.StepDefination.WorldClockStepDefination.day_dates_are_verified()

    Embedding Validation of world clock [image/png 104785 bytes]

  When time differences for London and NewYork are displayed    # worldClock.StepDefination.WorldClockStepDefination.time_differences_for_london_and_new_york_are_displayed()

    Embedding Validation of world clock [image/png 104785 bytes]

  Then time differneces are compared to Bangalore time          # worldClock.StepDefination.WorldClockStepDefination.time_differneces_are_compared_to_bangalore_time()

    Embedding Validation of world clock [image/png 104785 bytes]

]]></system-out>
  </testcase>
  <testcase name="runScenario[&quot;Navigation to One Cognizant portal and validation of App store&quot;, &quot;World Clock&quot;](3)" classname="worldClock.TestRunner.loginTestRunner" time="24.399">
    <system-out><![CDATA[
@smoke @sanity
Scenario: Navigation to One Cognizant portal and validation of App store  # src/test/resources/Features/Feature.feature:29
  Given user scrolls to One Cognizant button                              # worldClock.StepDefination.OneCognizantStepDefination.user_scrolls_to_one_cognizant_button()

    Embedding Navigation to One Cognizant portal and validation of App store [image/png 187015 bytes]

  When user clicks on One cognizant and navigates to one cognizant window # worldClock.StepDefination.OneCognizantStepDefination.user_clicks_on_one_cognizant_and_navigates_to_one_cognizant_window()

    Embedding Navigation to One Cognizant portal and validation of App store [image/png 361308 bytes]

  And user clicks on view all apps                                        # worldClock.StepDefination.OneCognizantStepDefination.user_clicks_on_view_all_apps()

    Embedding Navigation to One Cognizant portal and validation of App store [image/png 371082 bytes]

  Then all enabled and disabled alphabetical apps are verified            # worldClock.StepDefination.OneCognizantStepDefination.all_enabled_and_disabled_alphabetical_apps_are_verified()

    Embedding Navigation to One Cognizant portal and validation of App store [image/png 104780 bytes]

  And all the apps corresponding to a number are displayed                # worldClock.StepDefination.OneCognizantStepDefination.all_the_apps_corresponding_to_the_number_are_displayed()

    Embedding Navigation to One Cognizant portal and validation of App store [image/png 139373 bytes]

]]></system-out>
  </testcase>
</testsuite>