<?xml version="1.0" encoding="UTF-8"?>
<testng-results ignored="0" total="3" passed="3" failed="0" skipped="0">
  <reporter-output>
  </reporter-output>
  <suite started-at="2024-02-13T16:02:47 IST" name="Suite" finished-at="2024-02-13T16:06:26 IST" duration-ms="218569">
    <groups>
      <group name="cucumber">
        <method signature="AbstractTestNGCucumberTests.runScenario(io.cucumber.testng.PickleWrapper,io.cucumber.testng.FeatureWrapper)[pri:0, instance:worldClock.TestRunner.loginTestRunner@5386659f]" name="runScenario" class="io.cucumber.testng.AbstractTestNGCucumberTests"/>
      </group> <!-- cucumber -->
    </groups>
    <test started-at="2024-02-13T16:02:47 IST" name="Test" finished-at="2024-02-13T16:06:26 IST" duration-ms="218569">
      <class name="worldClock.TestRunner.loginTestRunner">
        <test-method is-config="true" signature="setUpClass(org.testng.ITestContext)[pri:0, instance:worldClock.TestRunner.loginTestRunner@5386659f]" started-at="2024-02-13T16:02:48 IST" name="setUpClass" finished-at="2024-02-13T16:03:35 IST" duration-ms="47658" status="PASS">
          <params>
            <param index="0">
              <value>
                <![CDATA[org.testng.TestRunner@4ec37a42]]>
              </value>
            </param>
          </params>
          <reporter-output>
          </reporter-output>
        </test-method> <!-- setUpClass -->
        <test-method signature="runScenario(io.cucumber.testng.PickleWrapper,io.cucumber.testng.FeatureWrapper)[pri:0, instance:worldClock.TestRunner.loginTestRunner@5386659f]" started-at="2024-02-13T16:03:35 IST" name="runScenario" description="Runs Cucumber Scenarios" data-provider="scenarios" finished-at="2024-02-13T16:05:49 IST" duration-ms="133512" status="PASS">
          <params>
            <param index="0">
              <value>
                <![CDATA["Navigation to Be.cognizant portal with valid credintials"]]>
              </value>
            </param>
            <param index="1">
              <value>
                <![CDATA["World Clock"]]>
              </value>
            </param>
          </params>
          <reporter-output>
          </reporter-output>
        </test-method> <!-- runScenario -->
        <test-method signature="runScenario(io.cucumber.testng.PickleWrapper,io.cucumber.testng.FeatureWrapper)[pri:0, instance:worldClock.TestRunner.loginTestRunner@5386659f]" started-at="2024-02-13T16:05:49 IST" name="runScenario" description="Runs Cucumber Scenarios" data-provider="scenarios" finished-at="2024-02-13T16:05:56 IST" duration-ms="7481" status="PASS">
          <params>
            <param index="0">
              <value>
                <![CDATA["Validation of world clock"]]>
              </value>
            </param>
            <param index="1">
              <value>
                <![CDATA["World Clock"]]>
              </value>
            </param>
          </params>
          <reporter-output>
          </reporter-output>
        </test-method> <!-- runScenario -->
        <test-method signature="runScenario(io.cucumber.testng.PickleWrapper,io.cucumber.testng.FeatureWrapper)[pri:0, instance:worldClock.TestRunner.loginTestRunner@5386659f]" started-at="2024-02-13T16:05:56 IST" name="runScenario" description="Runs Cucumber Scenarios" data-provider="scenarios" finished-at="2024-02-13T16:06:21 IST" duration-ms="24400" status="PASS">
          <params>
            <param index="0">
              <value>
                <![CDATA["Navigation to One Cognizant portal and validation of App store"]]>
              </value>
            </param>
            <param index="1">
              <value>
                <![CDATA["World Clock"]]>
              </value>
            </param>
          </params>
          <reporter-output>
          </reporter-output>
        </test-method> <!-- runScenario -->
        <test-method is-config="true" signature="tearDownClass()[pri:0, instance:worldClock.TestRunner.loginTestRunner@5386659f]" started-at="2024-02-13T16:06:21 IST" name="tearDownClass" finished-at="2024-02-13T16:06:26 IST" duration-ms="5381" status="PASS">
          <reporter-output>
          </reporter-output>
        </test-method> <!-- tearDownClass -->
      </class> <!-- worldClock.TestRunner.loginTestRunner -->
    </test> <!-- Test -->
  </suite> <!-- Suite -->
</testng-results>
