<?xml version="1.0" encoding="UTF-8"?>
<testng-results ignored="0" total="3" passed="3" failed="0" skipped="0">
  <reporter-output>
  </reporter-output>
  <suite started-at="2024-02-13T22:57:49 IST" name="Default suite" finished-at="2024-02-13T22:58:59 IST" duration-ms="69480">
    <groups>
      <group name="cucumber">
        <method signature="AbstractTestNGCucumberTests.runScenario(io.cucumber.testng.PickleWrapper,io.cucumber.testng.FeatureWrapper)[pri:0, instance:worldClock.TestRunner.loginTestRunner@74235045]" name="runScenario" class="io.cucumber.testng.AbstractTestNGCucumberTests"/>
      </group> <!-- cucumber -->
    </groups>
    <test started-at="2024-02-13T22:57:49 IST" name="Default test" finished-at="2024-02-13T22:58:59 IST" duration-ms="69480">
      <class name="worldClock.TestRunner.loginTestRunner">
        <test-method is-config="true" signature="setUpClass(org.testng.ITestContext)[pri:0, instance:worldClock.TestRunner.loginTestRunner@74235045]" started-at="2024-02-13T22:57:49 IST" name="setUpClass" finished-at="2024-02-13T22:57:56 IST" duration-ms="7049" status="PASS">
          <params>
            <param index="0">
              <value>
                <![CDATA[org.testng.TestRunner@407b41e6]]>
              </value>
            </param>
          </params>
          <reporter-output>
          </reporter-output>
        </test-method> <!-- setUpClass -->
        <test-method signature="runScenario(io.cucumber.testng.PickleWrapper,io.cucumber.testng.FeatureWrapper)[pri:0, instance:worldClock.TestRunner.loginTestRunner@74235045]" started-at="2024-02-13T22:57:56 IST" name="runScenario" description="Runs Cucumber Scenarios" data-provider="scenarios" finished-at="2024-02-13T22:58:31 IST" duration-ms="35013" status="PASS">
          <params>
            <param index="0">
              <value>
                <![CDATA["Navigation to Be.cognizant portal with valid credintials"]]>
              </value>
            </param>
            <param index="1">
              <value>
                <![CDATA["World Clock"]]>
              </value>
            </param>
          </params>
          <reporter-output>
          </reporter-output>
        </test-method> <!-- runScenario -->
        <test-method signature="runScenario(io.cucumber.testng.PickleWrapper,io.cucumber.testng.FeatureWrapper)[pri:0, instance:worldClock.TestRunner.loginTestRunner@74235045]" started-at="2024-02-13T22:58:31 IST" name="runScenario" description="Runs Cucumber Scenarios" data-provider="scenarios" finished-at="2024-02-13T22:58:41 IST" duration-ms="9051" status="PASS">
          <params>
            <param index="0">
              <value>
                <![CDATA["Validation of world clock"]]>
              </value>
            </param>
            <param index="1">
              <value>
                <![CDATA["World Clock"]]>
              </value>
            </param>
          </params>
          <reporter-output>
          </reporter-output>
        </test-method> <!-- runScenario -->
        <test-method signature="runScenario(io.cucumber.testng.PickleWrapper,io.cucumber.testng.FeatureWrapper)[pri:0, instance:worldClock.TestRunner.loginTestRunner@74235045]" started-at="2024-02-13T22:58:41 IST" name="runScenario" description="Runs Cucumber Scenarios" data-provider="scenarios" finished-at="2024-02-13T22:58:53 IST" duration-ms="12219" status="PASS">
          <params>
            <param index="0">
              <value>
                <![CDATA["Navigation to One Cognizant portal and validation of App store"]]>
              </value>
            </param>
            <param index="1">
              <value>
                <![CDATA["World Clock"]]>
              </value>
            </param>
          </params>
          <reporter-output>
          </reporter-output>
        </test-method> <!-- runScenario -->
        <test-method is-config="true" signature="tearDownClass()[pri:0, instance:worldClock.TestRunner.loginTestRunner@74235045]" started-at="2024-02-13T22:58:53 IST" name="tearDownClass" finished-at="2024-02-13T22:58:59 IST" duration-ms="6069" status="PASS">
          <reporter-output>
          </reporter-output>
        </test-method> <!-- tearDownClass -->
      </class> <!-- worldClock.TestRunner.loginTestRunner -->
    </test> <!-- Default test -->
  </suite> <!-- Default suite -->
</testng-results>
